<?xml version="1.0" encoding="UTF-8"?>
<testsuite xmlns:xsi="http://www.w3.org/2001/XMLSchema-instance" xsi:noNamespaceSchemaLocation="https://maven.apache.org/surefire/maven-surefire-plugin/xsd/surefire-test-report-3.0.xsd" version="3.0" name="TestSuite" time="27.088" tests="1" errors="0" skipped="0" failures="0">
  <properties>
[...]
</properties>
  <testcase name="runScenario[&quot;Test the AddToCart Page&quot;, &quot;Test Cart Page&quot;](1)" classname="SimpliLearn_Assignment.Project_Test_EcommerceApp.CucumberTests.Runner.TestRunner" time="25.929">
    <system-out><![CDATA[
@Test_SimpliLearn_Project @Funcational_Test_CartPage
Scenario: Test the AddToCart Page    &amp#27;[90m# src/test/java/SimpliLearn_Assignment/Project_Test_EcommerceApp/CucumberTests/Features/TestCart.feature:8&amp#27;[0m
driver session value in HOMEPAGE :ChromeDriver: chrome on windows (0953f7db879f590c8e02a038c8acce84)
driver session value in HOMEPAGE :ChromeDriver: chrome on windows (0953f7db879f590c8e02a038c8acce84)
  &amp#27;[32mGiven &amp#27;[0m&amp#27;[32mThe application URL&amp#27;[0m          &amp#27;[90m# SimpliLearn_Assignment.StepDefinitions.TestCartStepDefintion.OpenApplication()&amp#27;[0m
IS cart button displayed .. ? :true
value of the Summary Weblement text is --> Summary
  &amp#27;[32mAnd &amp#27;[0m&amp#27;[32mNavigate to Cart Page&amp#27;[0m          &amp#27;[90m# SimpliLearn_Assignment.StepDefinitions.TestCartStepDefintion.click_cartpage()&amp#27;[0m
  &amp#27;[32mWhen &amp#27;[0m&amp#27;[32mClick on CheckOutButton&amp#27;[0m       &amp#27;[90m# SimpliLearn_Assignment.StepDefinitions.TestCartStepDefintion.click_checkoutbutton()&amp#27;[0m
  &amp#27;[32mAnd &amp#27;[0m&amp#27;[32mNavigate to Checkout Page&amp#27;[0m      &amp#27;[90m# SimpliLearn_Assignment.StepDefinitions.TestCartStepDefintion.Navigate_checkoutpage()&amp#27;[0m
Elemented of Country List : ->United States
Elemented of Country List : ->United Kingdom
Elemented of Country List : ->Germany
Elemented of Country List : ->France
Elemented of Country List : ->India
Country value to be selected : ->India
is the checkbox element displayed :->true
is the checkbox element clickable :->false
  &amp#27;[32mAnd &amp#27;[0m&amp#27;[32mEnter Billing Details&amp#27;[0m          &amp#27;[90m# SimpliLearn_Assignment.StepDefinitions.TestCartStepDefintion.Enter_BillingDetail()&amp#27;[0m
  &amp#27;[32mWhen &amp#27;[0m&amp#27;[32mClick on PlaceOrder&amp#27;[0m           &amp#27;[90m# SimpliLearn_Assignment.StepDefinitions.TestCartStepDefintion.Place_Order()&amp#27;[0m
  &amp#27;[32mThen &amp#27;[0m&amp#27;[32mCheck whether order is placed&amp#27;[0m &amp#27;[90m# SimpliLearn_Assignment.StepDefinitions.TestCartStepDefintion.check_order()&amp#27;[0m
Inside After Hooks..
]]></system-out>
    <system-err><![CDATA[SLF4J(W): No SLF4J providers were found.
SLF4J(W): Defaulting to no-operation (NOP) logger implementation
SLF4J(W): See https://www.slf4j.org/codes.html#noProviders for further details.
May 21, 2024 1:29:19 PM org.openqa.selenium.devtools.CdpVersionFinder findNearestMatch
WARNING: Unable to find an exact match for CDP version 124, returning the closest version; found: 122; Please update to a Selenium version that supports CDP version 124
]]></system-err>
  </testcase>
</testsuite>